<?xml version="1.0" encoding="UTF-8" ?>
<testsuite errors="0" failures="0" hostname="MrWRong" name="com.ai92.cooljunit.TestWordDealUtilWithParam" tests="6"
           time="0.051" timestamp="2017-11-20T01:05:48">
    <properties>
[...]
</properties>
    <testcase classname="com.ai92.cooljunit.TestWordDealUtilWithParam" name="wordFormat4DB[0]" time="0.0010"/>
    <testcase classname="com.ai92.cooljunit.TestWordDealUtilWithParam" name="wordFormat4DB[1]" time="0.0010"/>
    <testcase classname="com.ai92.cooljunit.TestWordDealUtilWithParam" name="wordFormat4DB[2]" time="0.0"/>
    <testcase classname="com.ai92.cooljunit.TestWordDealUtilWithParam" name="wordFormat4DB[3]" time="0.0"/>
    <testcase classname="com.ai92.cooljunit.TestWordDealUtilWithParam" name="wordFormat4DB[4]" time="0.0"/>
    <testcase classname="com.ai92.cooljunit.TestWordDealUtilWithParam" name="wordFormat4DB[5]" time="0.0010"/>
    <system-out><![CDATA[]]></system-out>
    <system-err><![CDATA[]]></system-err>
</testsuite>
